{"level":"info","message":"Server is running on port 3000","timestamp":"2023-03-25T16:09:20.963Z"}
{"level":"info","message":"Connected to db...","timestamp":"2023-03-25T16:09:20.992Z"}
{"level":"info","message":"Server is running on port 3000","timestamp":"2023-03-25T16:11:28.960Z"}
{"level":"info","message":"Connected to db...","timestamp":"2023-03-25T16:11:29.002Z"}
{"level":"info","message":"Server is running on port 3000","timestamp":"2023-03-25T16:11:33.136Z"}
{"level":"info","message":"Connected to db...","timestamp":"2023-03-25T16:11:33.169Z"}
{"level":"info","message":"Server is running on port 3000","timestamp":"2023-03-26T00:33:37.636Z"}
{"level":"info","message":"Connected to db...","timestamp":"2023-03-26T00:33:37.804Z"}
{"level":"info","message":"Server is running on port 3000","timestamp":"2023-03-26T00:34:23.006Z"}
{"level":"info","message":"Connected to db...","timestamp":"2023-03-26T00:34:23.062Z"}
{"level":"info","message":"Server is running on port 3000","timestamp":"2023-03-26T00:34:35.664Z"}
{"level":"info","message":"Connected to db...","timestamp":"2023-03-26T00:34:35.697Z"}
{"level":"info","message":"Server is running on port 3000","timestamp":"2023-03-26T00:37:14.378Z"}
{"level":"info","message":"Connected to db...","timestamp":"2023-03-26T00:37:14.411Z"}
{"level":"info","message":"Server is running on port 3000","timestamp":"2023-03-26T00:37:26.991Z"}
{"level":"info","message":"Connected to db...","timestamp":"2023-03-26T00:37:27.028Z"}
{"level":"info","message":"Server is running on port 3000","timestamp":"2023-03-26T00:38:24.299Z"}
{"level":"info","message":"Connected to db...","timestamp":"2023-03-26T00:38:24.375Z"}
{"level":"info","message":"Server is running on port 3000","timestamp":"2023-03-26T00:38:40.208Z"}
{"level":"info","message":"Connected to db...","timestamp":"2023-03-26T00:38:40.245Z"}
{"level":"info","message":"Server is running on port 3000","timestamp":"2023-03-26T00:38:57.734Z"}
{"level":"info","message":"Connected to db...","timestamp":"2023-03-26T00:38:57.793Z"}
{"level":"info","message":"Server is running on port 3000","timestamp":"2023-03-26T00:39:03.645Z"}
{"level":"info","message":"Connected to db...","timestamp":"2023-03-26T00:39:03.708Z"}
{"level":"info","message":"Server is running on port 3000","timestamp":"2023-03-26T00:40:04.653Z"}
{"level":"info","message":"Connected to db...","timestamp":"2023-03-26T00:40:04.731Z"}
{"level":"info","message":"Server is running on port 3000","timestamp":"2023-03-26T00:40:40.834Z"}
{"level":"info","message":"Connected to db...","timestamp":"2023-03-26T00:40:40.947Z"}
{"level":"info","message":"Server is running on port 3000","timestamp":"2023-03-26T00:53:07.446Z"}
{"level":"info","message":"Connected to db...","timestamp":"2023-03-26T00:53:07.500Z"}
{"level":"info","message":"Server is running on port 3000","timestamp":"2023-03-26T00:53:38.440Z"}
{"level":"info","message":"Connected to db...","timestamp":"2023-03-26T00:53:38.512Z"}
{"level":"info","message":"Server is running on port 3000","timestamp":"2023-03-26T00:54:09.315Z"}
{"level":"info","message":"Connected to db...","timestamp":"2023-03-26T00:54:09.345Z"}
{"level":"info","message":"Server is running on port 3000","timestamp":"2023-03-26T00:54:38.316Z"}
{"level":"info","message":"Connected to db...","timestamp":"2023-03-26T00:54:38.372Z"}
{"level":"info","message":"Server is running on port 3000","timestamp":"2023-03-26T00:55:23.217Z"}
{"level":"info","message":"Connected to db...","timestamp":"2023-03-26T00:55:23.254Z"}
{"level":"info","message":"Server is running on port 3000","timestamp":"2023-03-26T00:55:28.918Z"}
{"level":"info","message":"Connected to db...","timestamp":"2023-03-26T00:55:28.969Z"}
{"level":"info","message":"Server is running on port 3000","timestamp":"2023-03-26T00:55:38.409Z"}
{"level":"info","message":"Connected to db...","timestamp":"2023-03-26T00:55:38.523Z"}
{"level":"error","message":"ValidationError: Comp validation failed: organizer: Path `organizer` is required.\n    at model.Document.invalidate (/Users/Benjamin/Dev/hoohacks/mindcraft-back/node_modules/mongoose/lib/document.js:3080:32)\n    at /Users/Benjamin/Dev/hoohacks/mindcraft-back/node_modules/mongoose/lib/document.js:2873:17\n    at /Users/Benjamin/Dev/hoohacks/mindcraft-back/node_modules/mongoose/lib/schematype.js:1350:9\n    at processTicksAndRejections (node:internal/process/task_queues:78:11)","metadata":{"user":{"_id":"641f2703536dd1b699e82c63","iat":1679780248,"username":"user01"}},"timestamp":"2023-03-26T01:00:17.695Z"}
{"level":"info","message":"Server is running on port 3000","timestamp":"2023-03-26T01:00:29.180Z"}
{"level":"info","message":"Connected to db...","timestamp":"2023-03-26T01:00:29.238Z"}
{"level":"info","message":"Server is running on port 3000","timestamp":"2023-03-26T01:02:34.793Z"}
{"level":"info","message":"Connected to db...","timestamp":"2023-03-26T01:02:34.851Z"}
{"level":"info","message":"Server is running on port 3000","timestamp":"2023-03-26T01:02:46.146Z"}
{"level":"info","message":"Connected to db...","timestamp":"2023-03-26T01:02:46.239Z"}
{"level":"error","message":"ReferenceError: Comp is not defined\n    at /Users/Benjamin/Dev/hoohacks/mindcraft-back/src/routes/startupRoutes.js:17:19\n    at processTicksAndRejections (node:internal/process/task_queues:96:5)","metadata":{"user":{"_id":"641f2703536dd1b699e82c63","iat":1679780248,"username":"user01"}},"timestamp":"2023-03-26T01:03:26.097Z"}
{"level":"info","message":"Server is running on port 3000","timestamp":"2023-03-26T01:03:41.062Z"}
{"level":"info","message":"Connected to db...","timestamp":"2023-03-26T01:03:41.131Z"}
{"level":"info","message":"Server is running on port 3000","timestamp":"2023-03-26T01:06:19.813Z"}
{"level":"info","message":"Connected to db...","timestamp":"2023-03-26T01:06:19.860Z"}
{"level":"info","message":"Server is running on port 3000","timestamp":"2023-03-26T01:06:34.779Z"}
{"level":"info","message":"Connected to db...","timestamp":"2023-03-26T01:06:34.833Z"}
{"level":"info","message":"Server is running on port 3000","timestamp":"2023-03-26T01:06:40.951Z"}
{"level":"info","message":"Connected to db...","timestamp":"2023-03-26T01:06:41.040Z"}
{"level":"info","message":"Server is running on port 3000","timestamp":"2023-03-26T01:15:54.337Z"}
{"level":"info","message":"Connected to db...","timestamp":"2023-03-26T01:15:54.474Z"}
{"level":"info","message":"Server is running on port 3000","timestamp":"2023-03-26T01:17:18.060Z"}
{"level":"info","message":"Connected to db...","timestamp":"2023-03-26T01:17:18.121Z"}
{"level":"info","message":"Server is running on port 3000","timestamp":"2023-03-26T01:17:40.131Z"}
{"level":"info","message":"Connected to db...","timestamp":"2023-03-26T01:17:40.170Z"}
{"level":"error","message":"ReferenceError: allCompIds is not defined\n    at /Users/Benjamin/Dev/hoohacks/mindcraft-back/src/routes/startupRoutes.js:22:13\n    at processTicksAndRejections (node:internal/process/task_queues:96:5)","metadata":{"user":{"_id":"641f2703536dd1b699e82c63","iat":1679780248,"username":"user01"}},"timestamp":"2023-03-26T01:19:17.797Z"}
{"level":"error","message":"ReferenceError: allCompIds is not defined\n    at /Users/Benjamin/Dev/hoohacks/mindcraft-back/src/routes/startupRoutes.js:22:13\n    at processTicksAndRejections (node:internal/process/task_queues:96:5)","metadata":{"user":{"_id":"641f2703536dd1b699e82c63","iat":1679780248,"username":"user01"}},"timestamp":"2023-03-26T01:19:52.535Z"}
{"level":"error","message":"ReferenceError: allCompIds is not defined\n    at /Users/Benjamin/Dev/hoohacks/mindcraft-back/src/routes/startupRoutes.js:22:13\n    at processTicksAndRejections (node:internal/process/task_queues:96:5)","metadata":{"user":{"_id":"641f2703536dd1b699e82c63","iat":1679780248,"username":"user01"}},"timestamp":"2023-03-26T01:20:06.556Z"}
{"level":"error","message":"ReferenceError: allCompIds is not defined\n    at /Users/Benjamin/Dev/hoohacks/mindcraft-back/src/routes/startupRoutes.js:22:13\n    at processTicksAndRejections (node:internal/process/task_queues:96:5)","metadata":{"user":{"_id":"641f2703536dd1b699e82c63","iat":1679780248,"username":"user01"}},"timestamp":"2023-03-26T01:20:24.947Z"}
{"level":"error","message":"ReferenceError: allCompIds is not defined\n    at /Users/Benjamin/Dev/hoohacks/mindcraft-back/src/routes/startupRoutes.js:22:13\n    at processTicksAndRejections (node:internal/process/task_queues:96:5)","metadata":{"user":{"_id":"641f2703536dd1b699e82c63","iat":1679780248,"username":"user01"}},"timestamp":"2023-03-26T01:20:50.149Z"}
{"level":"info","message":"Server is running on port 3000","timestamp":"2023-03-26T01:21:07.858Z"}
{"level":"info","message":"Connected to db...","timestamp":"2023-03-26T01:21:07.893Z"}
{"level":"info","message":"Server is running on port 3000","timestamp":"2023-03-26T01:40:38.629Z"}
{"level":"info","message":"Connected to db...","timestamp":"2023-03-26T01:40:38.713Z"}
{"level":"info","message":"Server is running on port 3000","timestamp":"2023-03-26T01:42:12.289Z"}
{"level":"info","message":"Connected to db...","timestamp":"2023-03-26T01:42:12.333Z"}
{"level":"info","message":"Server is running on port 3000","timestamp":"2023-03-26T01:42:51.624Z"}
{"level":"info","message":"Connected to db...","timestamp":"2023-03-26T01:42:51.666Z"}
{"level":"info","message":"Server is running on port 3000","timestamp":"2023-03-26T01:43:02.405Z"}
{"level":"info","message":"Connected to db...","timestamp":"2023-03-26T01:43:02.435Z"}
{"level":"info","message":"Server is running on port 3000","timestamp":"2023-03-26T01:43:24.895Z"}
{"level":"info","message":"Connected to db...","timestamp":"2023-03-26T01:43:24.973Z"}
{"level":"info","message":"Server is running on port 3000","timestamp":"2023-03-26T01:45:04.541Z"}
{"level":"info","message":"Connected to db...","timestamp":"2023-03-26T01:45:04.596Z"}
{"level":"info","message":"Server is running on port 3000","timestamp":"2023-03-26T01:45:24.082Z"}
{"level":"info","message":"Connected to db...","timestamp":"2023-03-26T01:45:24.110Z"}
{"level":"info","message":"Server is running on port 3000","timestamp":"2023-03-26T01:45:38.316Z"}
{"level":"info","message":"Connected to db...","timestamp":"2023-03-26T01:45:38.348Z"}
{"level":"info","message":"Server is running on port 3000","timestamp":"2023-03-26T01:47:30.324Z"}
{"level":"info","message":"Connected to db...","timestamp":"2023-03-26T01:47:30.662Z"}
{"level":"info","message":"Server is running on port 3000","timestamp":"2023-03-26T02:02:37.133Z"}
{"level":"info","message":"Connected to db...","timestamp":"2023-03-26T02:02:37.188Z"}
{"level":"info","message":"Server is running on port 3000","timestamp":"2023-03-26T02:03:20.453Z"}
{"level":"info","message":"Connected to db...","timestamp":"2023-03-26T02:03:20.650Z"}
{"level":"error","message":"Error: Multipart: Boundary not found\n    at new Multipart (/Users/Benjamin/Dev/hoohacks/mindcraft-back/node_modules/busboy/lib/types/multipart.js:233:13)\n    at getInstance (/Users/Benjamin/Dev/hoohacks/mindcraft-back/node_modules/busboy/lib/index.js:33:12)\n    at module.exports (/Users/Benjamin/Dev/hoohacks/mindcraft-back/node_modules/busboy/lib/index.js:56:10)\n    at multerMiddleware (/Users/Benjamin/Dev/hoohacks/mindcraft-back/node_modules/multer/lib/make-middleware.js:28:16)\n    at newFn (/Users/Benjamin/Dev/hoohacks/mindcraft-back/node_modules/express-async-errors/index.js:16:20)\n    at Layer.handle [as handle_request] (/Users/Benjamin/Dev/hoohacks/mindcraft-back/node_modules/express/lib/router/layer.js:95:5)\n    at trim_prefix (/Users/Benjamin/Dev/hoohacks/mindcraft-back/node_modules/express/lib/router/index.js:328:13)\n    at /Users/Benjamin/Dev/hoohacks/mindcraft-back/node_modules/express/lib/router/index.js:286:9\n    at Function.process_params (/Users/Benjamin/Dev/hoohacks/mindcraft-back/node_modules/express/lib/router/index.js:346:12)\n    at next (/Users/Benjamin/Dev/hoohacks/mindcraft-back/node_modules/express/lib/router/index.js:280:10)","metadata":{},"timestamp":"2023-03-26T02:03:24.179Z"}
{"level":"info","message":"Server is running on port 3000","timestamp":"2023-03-26T02:06:57.025Z"}
{"level":"info","message":"Connected to db...","timestamp":"2023-03-26T02:06:57.196Z"}
{"level":"info","message":"Server is running on port 3000","timestamp":"2023-03-26T02:07:55.285Z"}
{"level":"info","message":"Connected to db...","timestamp":"2023-03-26T02:07:55.582Z"}
{"level":"error","message":"Error: Multipart: Boundary not found\n    at new Multipart (/Users/Benjamin/Dev/hoohacks/mindcraft-back/node_modules/busboy/lib/types/multipart.js:233:13)\n    at getInstance (/Users/Benjamin/Dev/hoohacks/mindcraft-back/node_modules/busboy/lib/index.js:33:12)\n    at module.exports (/Users/Benjamin/Dev/hoohacks/mindcraft-back/node_modules/busboy/lib/index.js:56:10)\n    at multerMiddleware (/Users/Benjamin/Dev/hoohacks/mindcraft-back/node_modules/multer/lib/make-middleware.js:28:16)\n    at newFn (/Users/Benjamin/Dev/hoohacks/mindcraft-back/node_modules/express-async-errors/index.js:16:20)\n    at Layer.handle [as handle_request] (/Users/Benjamin/Dev/hoohacks/mindcraft-back/node_modules/express/lib/router/layer.js:95:5)\n    at next (/Users/Benjamin/Dev/hoohacks/mindcraft-back/node_modules/express/lib/router/route.js:144:13)\n    at auth (/Users/Benjamin/Dev/hoohacks/mindcraft-back/src/middleware/authMiddleware.js:12:3)\n    at newFn (/Users/Benjamin/Dev/hoohacks/mindcraft-back/node_modules/express-async-errors/index.js:16:20)\n    at Layer.handle [as handle_request] (/Users/Benjamin/Dev/hoohacks/mindcraft-back/node_modules/express/lib/router/layer.js:95:5)","metadata":{"user":{"_id":"641f2703536dd1b699e82c63","iat":1679780248,"username":"user01"}},"timestamp":"2023-03-26T02:07:57.583Z"}
{"level":"info","message":"Server is running on port 3000","timestamp":"2023-03-26T02:09:22.431Z"}
{"level":"info","message":"Connected to db...","timestamp":"2023-03-26T02:09:22.642Z"}
{"level":"error","message":"Error: Multipart: Boundary not found\n    at new Multipart (/Users/Benjamin/Dev/hoohacks/mindcraft-back/node_modules/busboy/lib/types/multipart.js:233:13)\n    at getInstance (/Users/Benjamin/Dev/hoohacks/mindcraft-back/node_modules/busboy/lib/index.js:33:12)\n    at module.exports (/Users/Benjamin/Dev/hoohacks/mindcraft-back/node_modules/busboy/lib/index.js:56:10)\n    at multerMiddleware (/Users/Benjamin/Dev/hoohacks/mindcraft-back/node_modules/multer/lib/make-middleware.js:28:16)\n    at newFn (/Users/Benjamin/Dev/hoohacks/mindcraft-back/node_modules/express-async-errors/index.js:16:20)\n    at Layer.handle [as handle_request] (/Users/Benjamin/Dev/hoohacks/mindcraft-back/node_modules/express/lib/router/layer.js:95:5)\n    at next (/Users/Benjamin/Dev/hoohacks/mindcraft-back/node_modules/express/lib/router/route.js:144:13)\n    at auth (/Users/Benjamin/Dev/hoohacks/mindcraft-back/src/middleware/authMiddleware.js:12:3)\n    at newFn (/Users/Benjamin/Dev/hoohacks/mindcraft-back/node_modules/express-async-errors/index.js:16:20)\n    at Layer.handle [as handle_request] (/Users/Benjamin/Dev/hoohacks/mindcraft-back/node_modules/express/lib/router/layer.js:95:5)","metadata":{"user":{"_id":"641f2703536dd1b699e82c63","iat":1679780248,"username":"user01"}},"timestamp":"2023-03-26T02:09:25.706Z"}
{"level":"info","message":"Server is running on port 3000","timestamp":"2023-03-26T02:24:20.927Z"}
{"level":"info","message":"Connected to db...","timestamp":"2023-03-26T02:24:21.099Z"}
{"level":"info","message":"Server is running on port 3000","timestamp":"2023-03-26T02:24:29.178Z"}
{"level":"info","message":"Connected to db...","timestamp":"2023-03-26T02:24:30.032Z"}
{"level":"error","message":"Error: Multipart: Boundary not found\n    at new Multipart (/Users/Benjamin/Dev/hoohacks/mindcraft-back/node_modules/busboy/lib/types/multipart.js:233:13)\n    at getInstance (/Users/Benjamin/Dev/hoohacks/mindcraft-back/node_modules/busboy/lib/index.js:33:12)\n    at module.exports (/Users/Benjamin/Dev/hoohacks/mindcraft-back/node_modules/busboy/lib/index.js:56:10)\n    at multerMiddleware (/Users/Benjamin/Dev/hoohacks/mindcraft-back/node_modules/multer/lib/make-middleware.js:28:16)\n    at newFn (/Users/Benjamin/Dev/hoohacks/mindcraft-back/node_modules/express-async-errors/index.js:16:20)\n    at Layer.handle [as handle_request] (/Users/Benjamin/Dev/hoohacks/mindcraft-back/node_modules/express/lib/router/layer.js:95:5)\n    at next (/Users/Benjamin/Dev/hoohacks/mindcraft-back/node_modules/express/lib/router/route.js:144:13)\n    at auth (/Users/Benjamin/Dev/hoohacks/mindcraft-back/src/middleware/authMiddleware.js:12:3)\n    at newFn (/Users/Benjamin/Dev/hoohacks/mindcraft-back/node_modules/express-async-errors/index.js:16:20)\n    at Layer.handle [as handle_request] (/Users/Benjamin/Dev/hoohacks/mindcraft-back/node_modules/express/lib/router/layer.js:95:5)","metadata":{"user":{"_id":"641f2703536dd1b699e82c63","iat":1679780248,"username":"user01"}},"timestamp":"2023-03-26T02:24:39.443Z"}
{"level":"error","message":"Error: Multipart: Boundary not found\n    at new Multipart (/Users/Benjamin/Dev/hoohacks/mindcraft-back/node_modules/busboy/lib/types/multipart.js:233:13)\n    at getInstance (/Users/Benjamin/Dev/hoohacks/mindcraft-back/node_modules/busboy/lib/index.js:33:12)\n    at module.exports (/Users/Benjamin/Dev/hoohacks/mindcraft-back/node_modules/busboy/lib/index.js:56:10)\n    at multerMiddleware (/Users/Benjamin/Dev/hoohacks/mindcraft-back/node_modules/multer/lib/make-middleware.js:28:16)\n    at newFn (/Users/Benjamin/Dev/hoohacks/mindcraft-back/node_modules/express-async-errors/index.js:16:20)\n    at Layer.handle [as handle_request] (/Users/Benjamin/Dev/hoohacks/mindcraft-back/node_modules/express/lib/router/layer.js:95:5)\n    at next (/Users/Benjamin/Dev/hoohacks/mindcraft-back/node_modules/express/lib/router/route.js:144:13)\n    at auth (/Users/Benjamin/Dev/hoohacks/mindcraft-back/src/middleware/authMiddleware.js:12:3)\n    at newFn (/Users/Benjamin/Dev/hoohacks/mindcraft-back/node_modules/express-async-errors/index.js:16:20)\n    at Layer.handle [as handle_request] (/Users/Benjamin/Dev/hoohacks/mindcraft-back/node_modules/express/lib/router/layer.js:95:5)","metadata":{"user":{"_id":"641f2703536dd1b699e82c63","iat":1679780248,"username":"user01"}},"timestamp":"2023-03-26T02:30:07.299Z"}
{"level":"error","message":"Error: Unexpected end of form\n    at Multipart._final (/Users/Benjamin/Dev/hoohacks/mindcraft-back/node_modules/busboy/lib/types/multipart.js:588:17)\n    at callFinal (node:internal/streams/writable:694:27)\n    at prefinish (node:internal/streams/writable:723:7)\n    at finishMaybe (node:internal/streams/writable:733:5)\n    at Multipart.Writable.end (node:internal/streams/writable:631:5)\n    at IncomingMessage.onend (node:internal/streams/readable:693:10)\n    at Object.onceWrapper (node:events:641:28)\n    at IncomingMessage.emit (node:events:539:35)\n    at endReadableNT (node:internal/streams/readable:1345:12)\n    at processTicksAndRejections (node:internal/process/task_queues:83:21)","metadata":{"user":{"_id":"641f2703536dd1b699e82c63","iat":1679780248,"username":"user01"}},"timestamp":"2023-03-26T02:33:24.148Z"}
{"level":"info","message":"Server is running on port 3000","timestamp":"2023-03-26T02:33:49.550Z"}
{"level":"info","message":"Connected to db...","timestamp":"2023-03-26T02:33:49.683Z"}
{"level":"error","message":"Error: Unexpected end of form\n    at Multipart._final (/Users/Benjamin/Dev/hoohacks/mindcraft-back/node_modules/busboy/lib/types/multipart.js:588:17)\n    at callFinal (node:internal/streams/writable:694:27)\n    at prefinish (node:internal/streams/writable:723:7)\n    at finishMaybe (node:internal/streams/writable:733:5)\n    at Multipart.Writable.end (node:internal/streams/writable:631:5)\n    at IncomingMessage.onend (node:internal/streams/readable:693:10)\n    at Object.onceWrapper (node:events:641:28)\n    at IncomingMessage.emit (node:events:539:35)\n    at endReadableNT (node:internal/streams/readable:1345:12)\n    at processTicksAndRejections (node:internal/process/task_queues:83:21)","metadata":{"user":{"_id":"641f2703536dd1b699e82c63","iat":1679780248,"username":"user01"}},"timestamp":"2023-03-26T02:33:58.429Z"}
{"level":"info","message":"Server is running on port 3000","timestamp":"2023-03-26T02:42:39.446Z"}
{"level":"info","message":"Connected to db...","timestamp":"2023-03-26T02:42:39.657Z"}
{"level":"info","message":"Server is running on port 3000","timestamp":"2023-03-26T02:42:56.969Z"}
{"level":"info","message":"Connected to db...","timestamp":"2023-03-26T02:42:57.096Z"}
{"level":"info","message":"Server is running on port 3000","timestamp":"2023-03-26T02:43:45.202Z"}
{"level":"info","message":"Connected to db...","timestamp":"2023-03-26T02:43:45.401Z"}
{"level":"info","message":"Server is running on port 3000","timestamp":"2023-03-26T02:45:01.086Z"}
{"level":"info","message":"Connected to db...","timestamp":"2023-03-26T02:45:01.444Z"}
{"level":"info","message":"Server is running on port 3000","timestamp":"2023-03-26T02:46:47.555Z"}
{"level":"info","message":"Connected to db...","timestamp":"2023-03-26T02:46:47.670Z"}
{"level":"info","message":"Server is running on port 3000","timestamp":"2023-03-26T02:47:24.892Z"}
{"level":"info","message":"Connected to db...","timestamp":"2023-03-26T02:47:24.940Z"}
{"level":"info","message":"Server is running on port 3000","timestamp":"2023-03-26T02:47:47.304Z"}
{"level":"info","message":"Connected to db...","timestamp":"2023-03-26T02:47:47.439Z"}
{"level":"info","message":"Server is running on port 3000","timestamp":"2023-03-26T02:48:00.357Z"}
{"level":"info","message":"Connected to db...","timestamp":"2023-03-26T02:48:00.478Z"}
{"level":"info","message":"Server is running on port 3000","timestamp":"2023-03-26T02:49:20.057Z"}
{"level":"info","message":"Connected to db...","timestamp":"2023-03-26T02:49:20.191Z"}
{"level":"info","message":"Server is running on port 3000","timestamp":"2023-03-26T02:49:33.384Z"}
{"level":"info","message":"Connected to db...","timestamp":"2023-03-26T02:49:33.494Z"}
{"level":"info","message":"Server is running on port 3000","timestamp":"2023-03-26T02:50:11.835Z"}
{"level":"info","message":"Connected to db...","timestamp":"2023-03-26T02:50:12.074Z"}
{"level":"info","message":"Server is running on port 3000","timestamp":"2023-03-26T03:15:37.033Z"}
{"level":"info","message":"Connected to db...","timestamp":"2023-03-26T03:15:37.084Z"}
{"level":"info","message":"Server is running on port 3000","timestamp":"2023-03-26T03:16:22.025Z"}
{"level":"info","message":"Connected to db...","timestamp":"2023-03-26T03:16:22.185Z"}
{"level":"info","message":"Server is running on port 3000","timestamp":"2023-03-26T03:17:08.413Z"}
{"level":"info","message":"Connected to db...","timestamp":"2023-03-26T03:17:08.601Z"}
{"level":"info","message":"Server is running on port 3000","timestamp":"2023-03-26T03:19:37.428Z"}
{"level":"info","message":"Connected to db...","timestamp":"2023-03-26T03:19:37.596Z"}
{"level":"info","message":"Server is running on port 3000","timestamp":"2023-03-26T03:20:52.924Z"}
{"level":"info","message":"Connected to db...","timestamp":"2023-03-26T03:20:53.104Z"}
{"level":"info","message":"Server is running on port 3000","timestamp":"2023-03-26T03:21:01.948Z"}
{"level":"info","message":"Connected to db...","timestamp":"2023-03-26T03:21:02.110Z"}
{"level":"info","message":"Server is running on port 3000","timestamp":"2023-03-26T03:23:03.728Z"}
{"level":"info","message":"Connected to db...","timestamp":"2023-03-26T03:23:03.929Z"}
{"level":"info","message":"Server is running on port 3000","timestamp":"2023-03-26T03:23:29.001Z"}
{"level":"info","message":"Connected to db...","timestamp":"2023-03-26T03:23:29.243Z"}
{"level":"info","message":"Server is running on port 3000","timestamp":"2023-03-26T03:23:35.325Z"}
{"level":"info","message":"Connected to db...","timestamp":"2023-03-26T03:23:35.450Z"}
{"level":"info","message":"Server is running on port 3000","timestamp":"2023-03-26T03:23:44.637Z"}
{"level":"info","message":"Connected to db...","timestamp":"2023-03-26T03:23:44.760Z"}
{"level":"info","message":"Server is running on port 3000","timestamp":"2023-03-26T03:23:54.752Z"}
{"level":"info","message":"Connected to db...","timestamp":"2023-03-26T03:23:54.949Z"}
{"level":"info","message":"Server is running on port 3000","timestamp":"2023-03-26T03:24:16.731Z"}
{"level":"info","message":"Connected to db...","timestamp":"2023-03-26T03:24:16.939Z"}
{"level":"info","message":"Server is running on port 3000","timestamp":"2023-03-26T03:26:31.299Z"}
{"level":"info","message":"Connected to db...","timestamp":"2023-03-26T03:26:31.499Z"}
{"level":"info","message":"Server is running on port 3000","timestamp":"2023-03-26T03:27:46.066Z"}
{"level":"info","message":"Connected to db...","timestamp":"2023-03-26T03:27:46.337Z"}
{"level":"info","message":"Server is running on port 3000","timestamp":"2023-03-26T03:27:59.689Z"}
{"level":"info","message":"Connected to db...","timestamp":"2023-03-26T03:27:59.883Z"}
{"level":"info","message":"Server is running on port 3000","timestamp":"2023-03-26T03:28:33.210Z"}
{"level":"info","message":"Connected to db...","timestamp":"2023-03-26T03:28:33.341Z"}
{"level":"error","message":"AccessControlListNotSupported: The bucket does not allow ACLs\n    at Request.extractError (/Users/Benjamin/Dev/hoohacks/mindcraft-back/node_modules/aws-sdk/lib/services/s3.js:711:35)\n    at Request.callListeners (/Users/Benjamin/Dev/hoohacks/mindcraft-back/node_modules/aws-sdk/lib/sequential_executor.js:106:20)\n    at Request.emit (/Users/Benjamin/Dev/hoohacks/mindcraft-back/node_modules/aws-sdk/lib/sequential_executor.js:78:10)\n    at Request.emit (/Users/Benjamin/Dev/hoohacks/mindcraft-back/node_modules/aws-sdk/lib/request.js:686:14)\n    at Request.transition (/Users/Benjamin/Dev/hoohacks/mindcraft-back/node_modules/aws-sdk/lib/request.js:22:10)\n    at AcceptorStateMachine.runTo (/Users/Benjamin/Dev/hoohacks/mindcraft-back/node_modules/aws-sdk/lib/state_machine.js:14:12)\n    at /Users/Benjamin/Dev/hoohacks/mindcraft-back/node_modules/aws-sdk/lib/state_machine.js:26:10\n    at Request.<anonymous> (/Users/Benjamin/Dev/hoohacks/mindcraft-back/node_modules/aws-sdk/lib/request.js:38:9)\n    at Request.<anonymous> (/Users/Benjamin/Dev/hoohacks/mindcraft-back/node_modules/aws-sdk/lib/request.js:688:12)\n    at Request.callListeners (/Users/Benjamin/Dev/hoohacks/mindcraft-back/node_modules/aws-sdk/lib/sequential_executor.js:116:18)","metadata":{"user":{"_id":"641f2703536dd1b699e82c63","iat":1679780248,"username":"user01"}},"timestamp":"2023-03-26T03:29:16.250Z"}
{"level":"info","message":"Server is running on port 3000","timestamp":"2023-03-26T03:38:41.262Z"}
{"level":"info","message":"Connected to db...","timestamp":"2023-03-26T03:38:41.394Z"}
{"level":"info","message":"Server is running on port 3000","timestamp":"2023-03-26T03:39:18.798Z"}
{"level":"info","message":"Connected to db...","timestamp":"2023-03-26T03:39:19.019Z"}
{"level":"info","message":"Server is running on port 3000","timestamp":"2023-03-26T03:40:48.282Z"}
{"level":"info","message":"Connected to db...","timestamp":"2023-03-26T03:40:48.478Z"}
{"level":"info","message":"Server is running on port 3000","timestamp":"2023-03-26T03:42:33.101Z"}
{"level":"info","message":"Connected to db...","timestamp":"2023-03-26T03:42:33.354Z"}
{"level":"info","message":"Server is running on port 3000","timestamp":"2023-03-26T03:43:16.793Z"}
{"level":"info","message":"Connected to db...","timestamp":"2023-03-26T03:43:17.128Z"}
{"level":"info","message":"Server is running on port 3000","timestamp":"2023-03-26T03:44:20.186Z"}
{"level":"info","message":"Connected to db...","timestamp":"2023-03-26T03:44:20.411Z"}
{"level":"info","message":"Server is running on port 3000","timestamp":"2023-03-26T03:44:47.008Z"}
{"level":"info","message":"Connected to db...","timestamp":"2023-03-26T03:44:47.237Z"}
{"level":"info","message":"Server is running on port 3000","timestamp":"2023-03-26T03:44:57.049Z"}
{"level":"info","message":"Connected to db...","timestamp":"2023-03-26T03:44:57.328Z"}
{"level":"info","message":"Server is running on port 3000","timestamp":"2023-03-26T03:45:07.911Z"}
{"level":"info","message":"Connected to db...","timestamp":"2023-03-26T03:45:08.056Z"}
{"level":"info","message":"Server is running on port 3000","timestamp":"2023-03-26T03:46:00.390Z"}
{"level":"info","message":"Connected to db...","timestamp":"2023-03-26T03:46:00.558Z"}
{"level":"info","message":"Server is running on port 3000","timestamp":"2023-03-26T03:47:37.488Z"}
{"level":"info","message":"Connected to db...","timestamp":"2023-03-26T03:47:37.660Z"}
{"level":"info","message":"Server is running on port 3000","timestamp":"2023-03-26T03:48:35.187Z"}
{"level":"info","message":"Connected to db...","timestamp":"2023-03-26T03:48:35.356Z"}
{"level":"info","message":"Server is running on port 3000","timestamp":"2023-03-26T03:49:47.136Z"}
{"level":"info","message":"Connected to db...","timestamp":"2023-03-26T03:49:47.387Z"}
{"level":"info","message":"Server is running on port 3000","timestamp":"2023-03-26T03:52:40.661Z"}
{"level":"info","message":"Connected to db...","timestamp":"2023-03-26T03:52:40.812Z"}
{"level":"info","message":"Server is running on port 3000","timestamp":"2023-03-26T03:52:44.424Z"}
{"level":"info","message":"Connected to db...","timestamp":"2023-03-26T03:52:44.669Z"}
{"level":"info","message":"Server is running on port 3000","timestamp":"2023-03-26T03:54:32.622Z"}
{"level":"info","message":"Connected to db...","timestamp":"2023-03-26T03:54:33.033Z"}
{"level":"info","message":"Server is running on port 3000","timestamp":"2023-03-26T03:57:41.489Z"}
{"level":"info","message":"Connected to db...","timestamp":"2023-03-26T03:57:41.525Z"}
{"level":"info","message":"Server is running on port 3000","timestamp":"2023-03-26T03:57:57.457Z"}
{"level":"info","message":"Connected to db...","timestamp":"2023-03-26T03:57:57.491Z"}
{"level":"info","message":"Server is running on port 3000","timestamp":"2023-03-26T03:58:36.743Z"}
{"level":"info","message":"Connected to db...","timestamp":"2023-03-26T03:58:36.816Z"}
{"level":"info","message":"Server is running on port 3000","timestamp":"2023-03-26T04:00:14.412Z"}
{"level":"info","message":"Connected to db...","timestamp":"2023-03-26T04:00:14.452Z"}
{"level":"info","message":"Server is running on port 3000","timestamp":"2023-03-26T04:00:58.799Z"}
{"level":"info","message":"Connected to db...","timestamp":"2023-03-26T04:00:58.889Z"}
{"level":"info","message":"Server is running on port 3000","timestamp":"2023-03-26T04:01:36.628Z"}
{"level":"info","message":"Connected to db...","timestamp":"2023-03-26T04:01:36.714Z"}
{"level":"info","message":"Server is running on port 3000","timestamp":"2023-03-26T04:01:50.760Z"}
{"level":"info","message":"Connected to db...","timestamp":"2023-03-26T04:01:50.798Z"}
{"level":"info","message":"Server is running on port 3000","timestamp":"2023-03-26T04:02:53.063Z"}
{"level":"info","message":"Connected to db...","timestamp":"2023-03-26T04:02:53.120Z"}
{"level":"info","message":"Server is running on port 3000","timestamp":"2023-03-26T04:03:09.968Z"}
{"level":"info","message":"Connected to db...","timestamp":"2023-03-26T04:03:10.033Z"}
{"level":"info","message":"Server is running on port 3000","timestamp":"2023-03-26T04:05:58.997Z"}
{"level":"info","message":"Connected to db...","timestamp":"2023-03-26T04:05:59.036Z"}
{"level":"info","message":"Server is running on port 3000","timestamp":"2023-03-26T04:10:09.208Z"}
{"level":"info","message":"Connected to db...","timestamp":"2023-03-26T04:10:09.285Z"}
{"level":"info","message":"Server is running on port 3000","timestamp":"2023-03-26T04:10:21.712Z"}
{"level":"info","message":"Connected to db...","timestamp":"2023-03-26T04:10:21.767Z"}
{"level":"info","message":"Server is running on port 3000","timestamp":"2023-03-26T04:10:51.674Z"}
{"level":"info","message":"Connected to db...","timestamp":"2023-03-26T04:10:51.743Z"}
{"level":"info","message":"Server is running on port 3000","timestamp":"2023-03-26T04:12:02.669Z"}
{"level":"info","message":"Connected to db...","timestamp":"2023-03-26T04:12:02.719Z"}
{"level":"info","message":"Server is running on port 3000","timestamp":"2023-03-26T04:12:07.712Z"}
{"level":"info","message":"Connected to db...","timestamp":"2023-03-26T04:12:07.780Z"}
{"level":"info","message":"Server is running on port 3000","timestamp":"2023-03-26T04:12:09.866Z"}
{"level":"info","message":"Connected to db...","timestamp":"2023-03-26T04:12:09.923Z"}
{"level":"info","message":"Server is running on port 3000","timestamp":"2023-03-26T04:12:17.775Z"}
{"level":"info","message":"Connected to db...","timestamp":"2023-03-26T04:12:17.821Z"}
{"level":"info","message":"Server is running on port 3000","timestamp":"2023-03-26T04:14:07.019Z"}
{"level":"info","message":"Connected to db...","timestamp":"2023-03-26T04:14:07.114Z"}
{"level":"info","message":"Server is running on port 3000","timestamp":"2023-03-26T04:14:22.395Z"}
{"level":"info","message":"Connected to db...","timestamp":"2023-03-26T04:14:22.454Z"}
{"level":"info","message":"Server is running on port 3000","timestamp":"2023-03-26T04:14:34.483Z"}
{"level":"info","message":"Connected to db...","timestamp":"2023-03-26T04:14:34.517Z"}
{"level":"info","message":"Server is running on port 3000","timestamp":"2023-03-26T04:15:48.681Z"}
{"level":"info","message":"Connected to db...","timestamp":"2023-03-26T04:15:48.719Z"}
{"level":"info","message":"Server is running on port 3000","timestamp":"2023-03-26T04:16:31.055Z"}
{"level":"info","message":"Connected to db...","timestamp":"2023-03-26T04:16:31.124Z"}
{"level":"info","message":"Server is running on port 3000","timestamp":"2023-03-26T04:17:37.817Z"}
{"level":"info","message":"Connected to db...","timestamp":"2023-03-26T04:17:37.858Z"}
{"level":"info","message":"Server is running on port 3000","timestamp":"2023-03-26T04:17:42.029Z"}
{"level":"info","message":"Connected to db...","timestamp":"2023-03-26T04:17:42.131Z"}
{"level":"info","message":"Server is running on port 3000","timestamp":"2023-03-26T04:18:37.706Z"}
{"level":"info","message":"Connected to db...","timestamp":"2023-03-26T04:18:37.796Z"}
{"level":"info","message":"Server is running on port 3000","timestamp":"2023-03-26T04:22:43.475Z"}
{"level":"info","message":"Connected to db...","timestamp":"2023-03-26T04:22:43.514Z"}
{"level":"info","message":"Server is running on port 3000","timestamp":"2023-03-26T04:24:03.711Z"}
{"level":"info","message":"Connected to db...","timestamp":"2023-03-26T04:24:03.832Z"}
{"level":"info","message":"Server is running on port 3000","timestamp":"2023-03-26T04:24:40.171Z"}
{"level":"info","message":"Connected to db...","timestamp":"2023-03-26T04:24:40.208Z"}
{"level":"info","message":"Server is running on port 3000","timestamp":"2023-03-26T04:24:50.588Z"}
{"level":"info","message":"Connected to db...","timestamp":"2023-03-26T04:24:50.637Z"}
{"level":"info","message":"Server is running on port 3000","timestamp":"2023-03-26T04:24:52.527Z"}
{"level":"info","message":"Connected to db...","timestamp":"2023-03-26T04:24:52.576Z"}
{"level":"info","message":"Server is running on port 3000","timestamp":"2023-03-26T04:24:57.104Z"}
{"level":"info","message":"Connected to db...","timestamp":"2023-03-26T04:24:57.141Z"}
{"level":"info","message":"Server is running on port 3000","timestamp":"2023-03-26T04:25:04.565Z"}
{"level":"info","message":"Connected to db...","timestamp":"2023-03-26T04:25:04.610Z"}
{"level":"info","message":"Server is running on port 3000","timestamp":"2023-03-26T04:25:10.737Z"}
{"level":"info","message":"Connected to db...","timestamp":"2023-03-26T04:25:10.771Z"}
{"level":"error","message":"TypeError: Comp.aggregate(...).populate is not a function\n    at /Users/Benjamin/Dev/hoohacks/mindcraft-back/src/routes/startupRoutes.js:35:4\n    at processTicksAndRejections (node:internal/process/task_queues:96:5)","metadata":{"user":{"_id":"641f2703536dd1b699e82c63","iat":1679780248,"username":"user01"}},"timestamp":"2023-03-26T04:25:17.129Z"}
{"level":"info","message":"Server is running on port 3000","timestamp":"2023-03-26T04:25:34.661Z"}
{"level":"info","message":"Connected to db...","timestamp":"2023-03-26T04:25:34.721Z"}
{"level":"info","message":"Server is running on port 3000","timestamp":"2023-03-26T04:28:03.923Z"}
{"level":"info","message":"Connected to db...","timestamp":"2023-03-26T04:28:03.969Z"}
{"level":"info","message":"Server is running on port 3000","timestamp":"2023-03-26T04:39:58.790Z"}
{"level":"info","message":"Connected to db...","timestamp":"2023-03-26T04:39:58.857Z"}
{"level":"info","message":"Server is running on port 3000","timestamp":"2023-03-26T04:42:07.510Z"}
{"level":"info","message":"Connected to db...","timestamp":"2023-03-26T04:42:07.548Z"}
{"level":"info","message":"Server is running on port 3000","timestamp":"2023-03-26T04:42:14.022Z"}
{"level":"info","message":"Connected to db...","timestamp":"2023-03-26T04:42:14.119Z"}
{"level":"error","message":"TypeError: Comp.populate(...).populate is not a function\n    at /Users/Benjamin/Dev/hoohacks/mindcraft-back/src/routes/startupRoutes.js:49:5\n    at processTicksAndRejections (node:internal/process/task_queues:96:5)","metadata":{"user":{"_id":"641f2703536dd1b699e82c63","iat":1679780248,"username":"user01"}},"timestamp":"2023-03-26T04:42:16.730Z"}
{"level":"info","message":"Server is running on port 3000","timestamp":"2023-03-26T04:42:40.514Z"}
{"level":"info","message":"Connected to db...","timestamp":"2023-03-26T04:42:40.634Z"}
{"level":"info","message":"Server is running on port 3000","timestamp":"2023-03-26T04:42:57.197Z"}
{"level":"info","message":"Connected to db...","timestamp":"2023-03-26T04:42:57.231Z"}
{"level":"info","message":"Server is running on port 3000","timestamp":"2023-03-26T04:43:28.750Z"}
{"level":"info","message":"Connected to db...","timestamp":"2023-03-26T04:43:28.892Z"}
{"level":"info","message":"Server is running on port 3000","timestamp":"2023-03-26T04:43:50.680Z"}
{"level":"info","message":"Connected to db...","timestamp":"2023-03-26T04:43:50.911Z"}
{"level":"info","message":"Server is running on port 3000","timestamp":"2023-03-26T04:44:34.953Z"}
{"level":"info","message":"Connected to db...","timestamp":"2023-03-26T04:44:34.995Z"}
{"level":"info","message":"Server is running on port 3000","timestamp":"2023-03-26T04:46:57.952Z"}
{"level":"info","message":"Connected to db...","timestamp":"2023-03-26T04:46:57.988Z"}
{"level":"info","message":"Server is running on port 3000","timestamp":"2023-03-26T04:47:21.577Z"}
{"level":"info","message":"Connected to db...","timestamp":"2023-03-26T04:47:21.665Z"}
{"level":"info","message":"Server is running on port 3000","timestamp":"2023-03-26T04:47:35.170Z"}
{"level":"info","message":"Connected to db...","timestamp":"2023-03-26T04:47:35.228Z"}
{"level":"info","message":"Server is running on port 3000","timestamp":"2023-03-26T04:50:44.777Z"}
{"level":"info","message":"Connected to db...","timestamp":"2023-03-26T04:50:44.851Z"}
{"level":"info","message":"Server is running on port 3000","timestamp":"2023-03-26T04:50:54.731Z"}
{"level":"info","message":"Connected to db...","timestamp":"2023-03-26T04:50:54.777Z"}
{"level":"info","message":"Server is running on port 3000","timestamp":"2023-03-26T04:52:18.939Z"}
{"level":"info","message":"Connected to db...","timestamp":"2023-03-26T04:52:18.983Z"}
{"level":"info","message":"Server is running on port 3000","timestamp":"2023-03-26T04:53:03.079Z"}
{"level":"info","message":"Connected to db...","timestamp":"2023-03-26T04:53:03.127Z"}
{"level":"info","message":"Server is running on port 3000","timestamp":"2023-03-26T04:54:56.622Z"}
{"level":"info","message":"Connected to db...","timestamp":"2023-03-26T04:54:56.707Z"}
{"level":"info","message":"Server is running on port 3000","timestamp":"2023-03-26T04:55:53.955Z"}
{"level":"info","message":"Connected to db...","timestamp":"2023-03-26T04:55:53.995Z"}
{"level":"info","message":"Server is running on port 3000","timestamp":"2023-03-26T04:56:49.753Z"}
{"level":"info","message":"Connected to db...","timestamp":"2023-03-26T04:56:49.803Z"}
{"level":"info","message":"Server is running on port 3000","timestamp":"2023-03-26T04:57:45.778Z"}
{"level":"info","message":"Connected to db...","timestamp":"2023-03-26T04:57:45.854Z"}
{"level":"info","message":"Server is running on port 3000","timestamp":"2023-03-26T04:59:02.506Z"}
{"level":"info","message":"Connected to db...","timestamp":"2023-03-26T04:59:02.560Z"}
{"level":"info","message":"Server is running on port 3000","timestamp":"2023-03-26T04:59:11.618Z"}
{"level":"info","message":"Connected to db...","timestamp":"2023-03-26T04:59:11.702Z"}
{"level":"error","message":"TypeError: Cannot read properties of undefined (reading 'populate')\n    at /Users/Benjamin/Dev/hoohacks/mindcraft-back/src/routes/startupRoutes.js:20:35\n    at processTicksAndRejections (node:internal/process/task_queues:96:5)","metadata":{"user":{"_id":"641fcfc061d2ff8b7dfb2834","iat":1679806400,"username":"user01"}},"timestamp":"2023-03-26T04:59:14.093Z"}
{"level":"info","message":"Server is running on port 3000","timestamp":"2023-03-26T04:59:21.970Z"}
{"level":"info","message":"Connected to db...","timestamp":"2023-03-26T04:59:22.028Z"}
{"level":"info","message":"Server is running on port 3000","timestamp":"2023-03-26T05:00:37.658Z"}
{"level":"info","message":"Connected to db...","timestamp":"2023-03-26T05:00:37.703Z"}
{"level":"info","message":"Server is running on port 3000","timestamp":"2023-03-26T05:01:02.159Z"}
{"level":"info","message":"Connected to db...","timestamp":"2023-03-26T05:01:02.198Z"}
{"level":"info","message":"Server is running on port 3000","timestamp":"2023-03-26T05:02:13.350Z"}
{"level":"info","message":"Connected to db...","timestamp":"2023-03-26T05:02:13.444Z"}
{"level":"info","message":"Server is running on port 3000","timestamp":"2023-03-26T05:02:46.434Z"}
{"level":"info","message":"Connected to db...","timestamp":"2023-03-26T05:02:46.492Z"}
{"level":"info","message":"Server is running on port 3000","timestamp":"2023-03-26T05:03:25.758Z"}
{"level":"info","message":"Connected to db...","timestamp":"2023-03-26T05:03:25.816Z"}
{"level":"info","message":"Server is running on port 3000","timestamp":"2023-03-26T05:04:18.307Z"}
{"level":"info","message":"Connected to db...","timestamp":"2023-03-26T05:04:18.364Z"}
{"level":"info","message":"Server is running on port 3000","timestamp":"2023-03-26T05:09:05.180Z"}
{"level":"info","message":"Connected to db...","timestamp":"2023-03-26T05:09:05.235Z"}
{"level":"info","message":"Server is running on port 3000","timestamp":"2023-03-26T05:09:29.568Z"}
{"level":"info","message":"Connected to db...","timestamp":"2023-03-26T05:09:29.720Z"}
{"level":"info","message":"Server is running on port 3000","timestamp":"2023-03-26T05:15:50.364Z"}
{"level":"info","message":"Connected to db...","timestamp":"2023-03-26T05:15:50.451Z"}
{"level":"info","message":"Server is running on port 3000","timestamp":"2023-03-26T05:18:35.597Z"}
{"level":"info","message":"Connected to db...","timestamp":"2023-03-26T05:18:35.668Z"}
{"level":"info","message":"Server is running on port 3000","timestamp":"2023-03-26T05:18:46.567Z"}
{"level":"info","message":"Connected to db...","timestamp":"2023-03-26T05:18:46.671Z"}
{"level":"info","message":"Server is running on port 3000","timestamp":"2023-03-26T05:19:18.373Z"}
{"level":"info","message":"Connected to db...","timestamp":"2023-03-26T05:19:18.419Z"}
{"level":"info","message":"Server is running on port 3000","timestamp":"2023-03-26T05:19:42.637Z"}
{"level":"info","message":"Connected to db...","timestamp":"2023-03-26T05:19:42.679Z"}
{"level":"info","message":"Server is running on port 3000","timestamp":"2023-03-26T05:20:08.059Z"}
{"level":"info","message":"Connected to db...","timestamp":"2023-03-26T05:20:08.094Z"}
{"level":"info","message":"Server is running on port 3000","timestamp":"2023-03-26T05:27:59.472Z"}
{"level":"info","message":"Connected to db...","timestamp":"2023-03-26T05:27:59.523Z"}
{"level":"info","message":"Server is running on port 3000","timestamp":"2023-03-26T05:30:26.849Z"}
{"level":"info","message":"Connected to db...","timestamp":"2023-03-26T05:30:27.007Z"}
{"level":"info","message":"Server is running on port 3000","timestamp":"2023-03-26T05:32:18.670Z"}
{"level":"info","message":"Connected to db...","timestamp":"2023-03-26T05:32:18.709Z"}
{"level":"info","message":"Server is running on port 3000","timestamp":"2023-03-26T05:32:22.699Z"}
{"level":"info","message":"Connected to db...","timestamp":"2023-03-26T05:32:22.735Z"}
{"level":"info","message":"Server is running on port 3000","timestamp":"2023-03-26T06:03:32.238Z"}
{"level":"info","message":"Connected to db...","timestamp":"2023-03-26T06:03:32.288Z"}
{"level":"info","message":"Server is running on port 3000","timestamp":"2023-03-26T06:03:41.230Z"}
{"level":"info","message":"Connected to db...","timestamp":"2023-03-26T06:03:41.402Z"}
{"level":"info","message":"Server is running on port 3000","timestamp":"2023-03-26T06:26:14.831Z"}
{"level":"info","message":"Connected to db...","timestamp":"2023-03-26T06:26:14.901Z"}
{"level":"info","message":"Server is running on port 3000","timestamp":"2023-03-26T06:50:34.182Z"}
{"level":"info","message":"Connected to db...","timestamp":"2023-03-26T06:50:34.263Z"}
{"level":"info","message":"Server is running on port 3000","timestamp":"2023-03-26T06:53:07.336Z"}
{"level":"info","message":"Connected to db...","timestamp":"2023-03-26T06:53:07.453Z"}
{"level":"info","message":"Server is running on port 3000","timestamp":"2023-03-26T06:56:22.151Z"}
{"level":"info","message":"Connected to db...","timestamp":"2023-03-26T06:56:22.205Z"}
{"level":"info","message":"Server is running on port 3000","timestamp":"2023-03-26T06:56:28.071Z"}
{"level":"info","message":"Connected to db...","timestamp":"2023-03-26T06:56:28.107Z"}
{"level":"info","message":"Server is running on port 3000","timestamp":"2023-03-26T06:59:05.174Z"}
{"level":"info","message":"Connected to db...","timestamp":"2023-03-26T06:59:05.221Z"}
{"level":"error","message":"ValidationError: Sub validation failed: files: Files array cannot be empty\n    at model.Document.invalidate (/Users/Benjamin/Dev/hoohacks/mindcraft-back/node_modules/mongoose/lib/document.js:3080:32)\n    at /Users/Benjamin/Dev/hoohacks/mindcraft-back/node_modules/mongoose/lib/document.js:2873:17\n    at cb (/Users/Benjamin/Dev/hoohacks/mindcraft-back/node_modules/mongoose/lib/schema/documentarray.js:242:14)\n    at /Users/Benjamin/Dev/hoohacks/mindcraft-back/node_modules/mongoose/lib/schematype.js:1350:9\n    at processTicksAndRejections (node:internal/process/task_queues:78:11)","metadata":{"user":{"_id":"641fcfc061d2ff8b7dfb2834","iat":1679806400,"username":"user01"}},"timestamp":"2023-03-26T06:59:29.898Z"}
{"level":"info","message":"Server is running on port 3000","timestamp":"2023-03-26T06:59:53.657Z"}
{"level":"info","message":"Connected to db...","timestamp":"2023-03-26T06:59:53.699Z"}
{"level":"info","message":"Server is running on port 3000","timestamp":"2023-03-26T07:00:08.526Z"}
{"level":"info","message":"Connected to db...","timestamp":"2023-03-26T07:00:08.716Z"}
{"level":"info","message":"Server is running on port 3000","timestamp":"2023-03-26T07:33:38.049Z"}
{"level":"info","message":"Connected to db...","timestamp":"2023-03-26T07:33:38.105Z"}
{"level":"info","message":"Server is running on port 3000","timestamp":"2023-03-26T07:45:28.141Z"}
{"level":"info","message":"Connected to db...","timestamp":"2023-03-26T07:45:28.226Z"}
{"level":"info","message":"Server is running on port 3000","timestamp":"2023-03-26T07:45:54.355Z"}
{"level":"info","message":"Connected to db...","timestamp":"2023-03-26T07:45:54.427Z"}
{"level":"info","message":"Server is running on port 3000","timestamp":"2023-03-26T07:46:20.061Z"}
{"level":"info","message":"Connected to db...","timestamp":"2023-03-26T07:46:20.101Z"}
{"level":"info","message":"Server is running on port 3000","timestamp":"2023-03-26T07:47:17.050Z"}
{"level":"info","message":"Connected to db...","timestamp":"2023-03-26T07:47:17.133Z"}
{"level":"info","message":"Server is running on port 3000","timestamp":"2023-03-26T07:47:40.495Z"}
{"level":"info","message":"Connected to db...","timestamp":"2023-03-26T07:47:40.595Z"}
{"level":"info","message":"Server is running on port 3000","timestamp":"2023-03-26T07:49:16.405Z"}
{"level":"info","message":"Connected to db...","timestamp":"2023-03-26T07:49:16.452Z"}
{"level":"info","message":"Server is running on port 3000","timestamp":"2023-03-26T07:49:32.674Z"}
{"level":"info","message":"Connected to db...","timestamp":"2023-03-26T07:49:32.779Z"}
{"level":"info","message":"Server is running on port 3000","timestamp":"2023-03-26T07:50:05.223Z"}
{"level":"info","message":"Connected to db...","timestamp":"2023-03-26T07:50:05.282Z"}
{"level":"info","message":"Server is running on port 3000","timestamp":"2023-03-26T07:50:20.615Z"}
{"level":"info","message":"Connected to db...","timestamp":"2023-03-26T07:50:20.669Z"}
{"level":"info","message":"Server is running on port 3000","timestamp":"2023-03-26T07:54:05.414Z"}
{"level":"info","message":"Connected to db...","timestamp":"2023-03-26T07:54:05.532Z"}
{"level":"info","message":"Server is running on port 3000","timestamp":"2023-03-26T08:04:48.656Z"}
{"level":"info","message":"Connected to db...","timestamp":"2023-03-26T08:04:48.709Z"}
{"level":"info","message":"Server is running on port 3000","timestamp":"2023-03-26T08:05:11.023Z"}
{"level":"info","message":"Connected to db...","timestamp":"2023-03-26T08:05:11.076Z"}
{"level":"info","message":"Server is running on port 3000","timestamp":"2023-03-26T08:06:15.147Z"}
{"level":"info","message":"Connected to db...","timestamp":"2023-03-26T08:06:15.193Z"}
{"level":"info","message":"Server is running on port 3000","timestamp":"2023-03-26T08:06:53.626Z"}
{"level":"info","message":"Connected to db...","timestamp":"2023-03-26T08:06:53.745Z"}
{"level":"info","message":"Server is running on port 3000","timestamp":"2023-03-26T08:07:12.749Z"}
{"level":"info","message":"Connected to db...","timestamp":"2023-03-26T08:07:12.857Z"}
{"level":"info","message":"Server is running on port 3000","timestamp":"2023-03-26T08:07:17.686Z"}
{"level":"info","message":"Connected to db...","timestamp":"2023-03-26T08:07:17.734Z"}
{"level":"info","message":"Server is running on port 3000","timestamp":"2023-03-26T08:07:33.093Z"}
{"level":"info","message":"Connected to db...","timestamp":"2023-03-26T08:07:33.149Z"}
{"level":"error","message":"TypeError: sub.remove is not a function\n    at /Users/Benjamin/Dev/hoohacks/mindcraft-back/src/routes/subRoutes.js:89:12\n    at processTicksAndRejections (node:internal/process/task_queues:96:5)","metadata":{"user":{"_id":"641fcfc061d2ff8b7dfb2834","iat":1679806400,"username":"user01"}},"timestamp":"2023-03-26T08:07:57.911Z"}
{"level":"info","message":"Server is running on port 3000","timestamp":"2023-03-26T08:08:58.307Z"}
{"level":"info","message":"Connected to db...","timestamp":"2023-03-26T08:08:58.346Z"}
{"level":"info","message":"Server is running on port 3000","timestamp":"2023-03-26T08:19:13.039Z"}
{"level":"info","message":"Connected to db...","timestamp":"2023-03-26T08:19:13.101Z"}
{"level":"info","message":"Server is running on port 3000","timestamp":"2023-03-26T08:19:31.655Z"}
{"level":"info","message":"Connected to db...","timestamp":"2023-03-26T08:19:31.730Z"}
{"level":"info","message":"Server is running on port 3000","timestamp":"2023-03-26T08:20:42.105Z"}
{"level":"info","message":"Connected to db...","timestamp":"2023-03-26T08:20:42.184Z"}
{"level":"info","message":"Server is running on port 3000","timestamp":"2023-03-26T08:21:14.470Z"}
{"level":"info","message":"Connected to db...","timestamp":"2023-03-26T08:21:14.537Z"}
{"level":"info","message":"Server is running on port 3000","timestamp":"2023-03-26T08:23:51.866Z"}
{"level":"info","message":"Connected to db...","timestamp":"2023-03-26T08:23:51.919Z"}
{"level":"info","message":"Server is running on port 3000","timestamp":"2023-03-26T08:31:45.941Z"}
{"level":"info","message":"Connected to db...","timestamp":"2023-03-26T08:31:46.041Z"}
